<?xml version="1.0" encoding="UTF-8"?>
<testng-results skipped="0" failed="0" total="1" passed="1">
  <reporter-output>
  </reporter-output>
  <suite name="Suite" duration-ms="33363" started-at="2020-01-27T06:15:19Z" finished-at="2020-01-27T06:15:52Z">
    <groups>
    </groups>
    <test name="Test" duration-ms="33363" started-at="2020-01-27T06:15:19Z" finished-at="2020-01-27T06:15:52Z">
      <class name="com.amazon.TestScripts.IphonePriceComparisonTest">
        <test-method status="PASS" signature="launchApplication()[pri:0, instance:com.amazon.TestScripts.IphonePriceComparisonTest@7d68ef40]" name="launchApplication" is-config="true" duration-ms="16839" started-at="2020-01-27T11:45:02Z" finished-at="2020-01-27T11:45:19Z">
          <reporter-output>
          </reporter-output>
        </test-method> <!-- launchApplication -->
        <test-method status="PASS" signature="iphonePriceInAmazonAndFlipkartTest()[pri:0, instance:com.amazon.TestScripts.IphonePriceComparisonTest@7d68ef40]" name="iphonePriceInAmazonAndFlipkartTest" duration-ms="33353" started-at="2020-01-27T11:45:19Z" finished-at="2020-01-27T11:45:52Z">
          <reporter-output>
          </reporter-output>
        </test-method> <!-- iphonePriceInAmazonAndFlipkartTest -->
        <test-method status="PASS" signature="closingApplication()[pri:0, instance:com.amazon.TestScripts.IphonePriceComparisonTest@7d68ef40]" name="closingApplication" is-config="true" duration-ms="2128" started-at="2020-01-27T11:45:52Z" finished-at="2020-01-27T11:45:54Z">
          <reporter-output>
          </reporter-output>
        </test-method> <!-- closingApplication -->
      </class> <!-- com.amazon.TestScripts.IphonePriceComparisonTest -->
    </test> <!-- Test -->
  </suite> <!-- Suite -->
</testng-results>
